<?xml version="1.0" encoding="UTF-8"?>
<!-- Generated by org.testng.reporters.JUnitReportReporter -->
<testsuite skipped="0" hostname="DESKTOP-PAD6PDO" name="test.arrays_n_strings.ReverseSrtringTest" tests="4" failures="0" timestamp="14 Oct 2017 20:50:12 GMT" time="0.016" errors="0">
  <testcase name="reverseOneword" time="0.000" classname="test.arrays_n_strings.ReverseSrtringTest"/>
  <testcase name="reverseEmptystring" time="0.016" classname="test.arrays_n_strings.ReverseSrtringTest"/>
  <testcase name="reverseWordnotStringshouldfail" time="0.000" classname="test.arrays_n_strings.ReverseSrtringTest"/>
  <testcase name="reverseMultiplrwords" time="0.000" classname="test.arrays_n_strings.ReverseSrtringTest"/>
</testsuite> <!-- test.arrays_n_strings.ReverseSrtringTest -->
